五月 26, 2016 12:53:44 下午 org.apache.catalina.startup.VersionLoggerListener log
信息: Server version:        Apache Tomcat/7.0.69
五月 26, 2016 12:53:44 下午 org.apache.catalina.startup.VersionLoggerListener log
信息: Server built:          Apr 11 2016 07:57:09 UTC
五月 26, 2016 12:53:44 下午 org.apache.catalina.startup.VersionLoggerListener log
信息: Server number:         7.0.69.0
五月 26, 2016 12:53:44 下午 org.apache.catalina.startup.VersionLoggerListener log
信息: OS Name:               Windows 7
五月 26, 2016 12:53:44 下午 org.apache.catalina.startup.VersionLoggerListener log
信息: OS Version:            6.1
五月 26, 2016 12:53:44 下午 org.apache.catalina.startup.VersionLoggerListener log
信息: Architecture:          amd64
五月 26, 2016 12:53:44 下午 org.apache.catalina.startup.VersionLoggerListener log
信息: Java Home:             C:\jdk1.8.0_77\jre
五月 26, 2016 12:53:44 下午 org.apache.catalina.startup.VersionLoggerListener log
信息: JVM Version:           1.8.0_77-b03
五月 26, 2016 12:53:44 下午 org.apache.catalina.startup.VersionLoggerListener log
信息: JVM Vendor:            Oracle Corporation
五月 26, 2016 12:53:44 下午 org.apache.catalina.startup.VersionLoggerListener log
信息: CATALINA_BASE:         D:\apache-tomcat-7.0.69
五月 26, 2016 12:53:44 下午 org.apache.catalina.startup.VersionLoggerListener log
信息: CATALINA_HOME:         D:\apache-tomcat-7.0.69
五月 26, 2016 12:53:44 下午 org.apache.catalina.startup.VersionLoggerListener log
信息: Command line argument: -Djdk.tls.ephemeralDHKeySize=2048
五月 26, 2016 12:53:44 下午 org.apache.catalina.startup.VersionLoggerListener log
信息: Command line argument: -Djava.util.logging.config.file=D:\apache-tomcat-7.0.69\conf\logging.properties
五月 26, 2016 12:53:44 下午 org.apache.catalina.startup.VersionLoggerListener log
信息: Command line argument: -Djava.util.logging.manager=org.apache.juli.ClassLoaderLogManager
五月 26, 2016 12:53:44 下午 org.apache.catalina.startup.VersionLoggerListener log
信息: Command line argument: -Djava.endorsed.dirs=D:\apache-tomcat-7.0.69\endorsed
五月 26, 2016 12:53:44 下午 org.apache.catalina.startup.VersionLoggerListener log
信息: Command line argument: -Dcatalina.base=D:\apache-tomcat-7.0.69
五月 26, 2016 12:53:44 下午 org.apache.catalina.startup.VersionLoggerListener log
信息: Command line argument: -Dcatalina.home=D:\apache-tomcat-7.0.69
五月 26, 2016 12:53:44 下午 org.apache.catalina.startup.VersionLoggerListener log
信息: Command line argument: -Djava.io.tmpdir=D:\apache-tomcat-7.0.69\temp
五月 26, 2016 12:53:44 下午 org.apache.catalina.core.AprLifecycleListener lifecycleEvent
信息: Loaded APR based Apache Tomcat Native library 1.1.33 using APR version 1.5.1.
五月 26, 2016 12:53:44 下午 org.apache.catalina.core.AprLifecycleListener lifecycleEvent
信息: APR capabilities: IPv6 [true], sendfile [true], accept filters [false], random [true].
五月 26, 2016 12:53:45 下午 org.apache.catalina.core.AprLifecycleListener initializeSSL
信息: OpenSSL successfully initialized (OpenSSL 1.0.1m 19 Mar 2015)
五月 26, 2016 12:53:45 下午 org.apache.coyote.AbstractProtocol init
信息: Initializing ProtocolHandler ["http-apr-8080"]
五月 26, 2016 12:53:45 下午 org.apache.coyote.AbstractProtocol init
严重: Failed to initialize end point associated with ProtocolHandler ["http-apr-8080"]
java.lang.Exception: Socket bind failed: [730013] ???????????????í????×??????・??????×?
	at org.apache.tomcat.util.net.AprEndpoint.bind(AprEndpoint.java:470)
	at org.apache.tomcat.util.net.AbstractEndpoint.init(AbstractEndpoint.java:650)
	at org.apache.coyote.AbstractProtocol.init(AbstractProtocol.java:434)
	at org.apache.catalina.connector.Connector.initInternal(Connector.java:978)
	at org.apache.catalina.util.LifecycleBase.init(LifecycleBase.java:102)
	at org.apache.catalina.core.StandardService.initInternal(StandardService.java:560)
	at org.apache.catalina.util.LifecycleBase.init(LifecycleBase.java:102)
	at org.apache.catalina.core.StandardServer.initInternal(StandardServer.java:838)
	at org.apache.catalina.util.LifecycleBase.init(LifecycleBase.java:102)
	at org.apache.catalina.startup.Catalina.load(Catalina.java:642)
	at org.apache.catalina.startup.Catalina.load(Catalina.java:667)
	at sun.reflect.NativeMethodAccessorImpl.invoke0(Native Method)
	at sun.reflect.NativeMethodAccessorImpl.invoke(NativeMethodAccessorImpl.java:62)
	at sun.reflect.DelegatingMethodAccessorImpl.invoke(DelegatingMethodAccessorImpl.java:43)
	at java.lang.reflect.Method.invoke(Method.java:498)
	at org.apache.catalina.startup.Bootstrap.load(Bootstrap.java:253)
	at org.apache.catalina.startup.Bootstrap.main(Bootstrap.java:427)

五月 26, 2016 12:53:45 下午 org.apache.catalina.core.StandardService initInternal
严重: Failed to initialize connector [Connector[HTTP/1.1-8080]]
org.apache.catalina.LifecycleException: Failed to initialize component [Connector[HTTP/1.1-8080]]
	at org.apache.catalina.util.LifecycleBase.init(LifecycleBase.java:106)
	at org.apache.catalina.core.StandardService.initInternal(StandardService.java:560)
	at org.apache.catalina.util.LifecycleBase.init(LifecycleBase.java:102)
	at org.apache.catalina.core.StandardServer.initInternal(StandardServer.java:838)
	at org.apache.catalina.util.LifecycleBase.init(LifecycleBase.java:102)
	at org.apache.catalina.startup.Catalina.load(Catalina.java:642)
	at org.apache.catalina.startup.Catalina.load(Catalina.java:667)
	at sun.reflect.NativeMethodAccessorImpl.invoke0(Native Method)
	at sun.reflect.NativeMethodAccessorImpl.invoke(NativeMethodAccessorImpl.java:62)
	at sun.reflect.DelegatingMethodAccessorImpl.invoke(DelegatingMethodAccessorImpl.java:43)
	at java.lang.reflect.Method.invoke(Method.java:498)
	at org.apache.catalina.startup.Bootstrap.load(Bootstrap.java:253)
	at org.apache.catalina.startup.Bootstrap.main(Bootstrap.java:427)
Caused by: org.apache.catalina.LifecycleException: Protocol handler initialization failed
	at org.apache.catalina.connector.Connector.initInternal(Connector.java:980)
	at org.apache.catalina.util.LifecycleBase.init(LifecycleBase.java:102)
	... 12 more
Caused by: java.lang.Exception: Socket bind failed: [730013] ???????????????í????×??????・??????×?
	at org.apache.tomcat.util.net.AprEndpoint.bind(AprEndpoint.java:470)
	at org.apache.tomcat.util.net.AbstractEndpoint.init(AbstractEndpoint.java:650)
	at org.apache.coyote.AbstractProtocol.init(AbstractProtocol.java:434)
	at org.apache.catalina.connector.Connector.initInternal(Connector.java:978)
	... 13 more

五月 26, 2016 12:53:45 下午 org.apache.coyote.AbstractProtocol init
信息: Initializing ProtocolHandler ["ajp-apr-8009"]
五月 26, 2016 12:53:45 下午 org.apache.catalina.startup.Catalina load
信息: Initialization processed in 1436 ms
五月 26, 2016 12:53:45 下午 org.apache.catalina.core.StandardService startInternal
信息: Starting service Catalina
五月 26, 2016 12:53:45 下午 org.apache.catalina.core.StandardEngine startInternal
信息: Starting Servlet Engine: Apache Tomcat/7.0.69
五月 26, 2016 12:53:45 下午 org.apache.catalina.startup.HostConfig deployDirectory
信息: Deploying web application directory D:\apache-tomcat-7.0.69\webapps\docs
五月 26, 2016 12:53:45 下午 org.apache.catalina.startup.HostConfig deployDirectory
信息: Deployment of web application directory D:\apache-tomcat-7.0.69\webapps\docs has finished in 345 ms
五月 26, 2016 12:53:45 下午 org.apache.catalina.startup.HostConfig deployDirectory
信息: Deploying web application directory D:\apache-tomcat-7.0.69\webapps\examples
五月 26, 2016 12:53:46 下午 org.apache.catalina.startup.HostConfig deployDirectory
信息: Deployment of web application directory D:\apache-tomcat-7.0.69\webapps\examples has finished in 266 ms
五月 26, 2016 12:53:46 下午 org.apache.catalina.startup.HostConfig deployDirectory
信息: Deploying web application directory D:\apache-tomcat-7.0.69\webapps\host-manager
五月 26, 2016 12:53:46 下午 org.apache.catalina.startup.HostConfig deployDirectory
信息: Deployment of web application directory D:\apache-tomcat-7.0.69\webapps\host-manager has finished in 53 ms
五月 26, 2016 12:53:46 下午 org.apache.catalina.startup.HostConfig deployDirectory
信息: Deploying web application directory D:\apache-tomcat-7.0.69\webapps\manager
五月 26, 2016 12:53:46 下午 org.apache.catalina.startup.HostConfig deployDirectory
信息: Deployment of web application directory D:\apache-tomcat-7.0.69\webapps\manager has finished in 58 ms
五月 26, 2016 12:53:46 下午 org.apache.catalina.startup.HostConfig deployDirectory
信息: Deploying web application directory D:\apache-tomcat-7.0.69\webapps\ROOT
五月 26, 2016 12:53:46 下午 org.apache.catalina.startup.HostConfig deployDirectory
信息: Deployment of web application directory D:\apache-tomcat-7.0.69\webapps\ROOT has finished in 40 ms
五月 26, 2016 12:53:46 下午 org.apache.coyote.AbstractProtocol start
信息: Starting ProtocolHandler ["ajp-apr-8009"]
五月 26, 2016 12:53:46 下午 org.apache.catalina.startup.Catalina start
信息: Server startup in 819 ms
五月 26, 2016 12:53:56 下午 org.apache.catalina.core.StandardServer await
信息: A valid shutdown command was received via the shutdown port. Stopping the Server instance.
五月 26, 2016 12:53:56 下午 org.apache.coyote.AbstractProtocol pause
信息: Pausing ProtocolHandler ["http-apr-8080"]
五月 26, 2016 12:53:56 下午 org.apache.coyote.AbstractProtocol pause
信息: Pausing ProtocolHandler ["ajp-apr-8009"]
五月 26, 2016 12:53:56 下午 org.apache.catalina.core.StandardService stopInternal
信息: Stopping service Catalina
五月 26, 2016 12:53:56 下午 org.apache.coyote.AbstractProtocol stop
信息: Stopping ProtocolHandler ["ajp-apr-8009"]
五月 26, 2016 12:53:56 下午 org.apache.coyote.AbstractProtocol stop
信息: Stopping ProtocolHandler ["http-apr-8080"]
五月 26, 2016 12:53:56 下午 org.apache.coyote.AbstractProtocol destroy
信息: Destroying ProtocolHandler ["http-apr-8080"]
五月 26, 2016 12:53:56 下午 org.apache.coyote.AbstractProtocol destroy
信息: Destroying ProtocolHandler ["ajp-apr-8009"]
五月 26, 2016 1:05:32 下午 org.apache.catalina.startup.VersionLoggerListener log
信息: Server version:        Apache Tomcat/7.0.69
五月 26, 2016 1:05:32 下午 org.apache.catalina.startup.VersionLoggerListener log
信息: Server built:          Apr 11 2016 07:57:09 UTC
五月 26, 2016 1:05:32 下午 org.apache.catalina.startup.VersionLoggerListener log
信息: Server number:         7.0.69.0
五月 26, 2016 1:05:32 下午 org.apache.catalina.startup.VersionLoggerListener log
信息: OS Name:               Windows 7
五月 26, 2016 1:05:32 下午 org.apache.catalina.startup.VersionLoggerListener log
信息: OS Version:            6.1
五月 26, 2016 1:05:32 下午 org.apache.catalina.startup.VersionLoggerListener log
信息: Architecture:          amd64
五月 26, 2016 1:05:32 下午 org.apache.catalina.startup.VersionLoggerListener log
信息: Java Home:             C:\jdk1.8.0_77\jre
五月 26, 2016 1:05:32 下午 org.apache.catalina.startup.VersionLoggerListener log
信息: JVM Version:           1.8.0_77-b03
五月 26, 2016 1:05:32 下午 org.apache.catalina.startup.VersionLoggerListener log
信息: JVM Vendor:            Oracle Corporation
五月 26, 2016 1:05:32 下午 org.apache.catalina.startup.VersionLoggerListener log
信息: CATALINA_BASE:         D:\apache-tomcat-7.0.69
五月 26, 2016 1:05:32 下午 org.apache.catalina.startup.VersionLoggerListener log
信息: CATALINA_HOME:         D:\apache-tomcat-7.0.69
五月 26, 2016 1:05:32 下午 org.apache.catalina.startup.VersionLoggerListener log
信息: Command line argument: -Djdk.tls.ephemeralDHKeySize=2048
五月 26, 2016 1:05:32 下午 org.apache.catalina.startup.VersionLoggerListener log
信息: Command line argument: -Djava.util.logging.config.file=D:\apache-tomcat-7.0.69\conf\logging.properties
五月 26, 2016 1:05:32 下午 org.apache.catalina.startup.VersionLoggerListener log
信息: Command line argument: -Djava.util.logging.manager=org.apache.juli.ClassLoaderLogManager
五月 26, 2016 1:05:32 下午 org.apache.catalina.startup.VersionLoggerListener log
信息: Command line argument: -Djava.endorsed.dirs=D:\apache-tomcat-7.0.69\endorsed
五月 26, 2016 1:05:32 下午 org.apache.catalina.startup.VersionLoggerListener log
信息: Command line argument: -Dcatalina.base=D:\apache-tomcat-7.0.69
五月 26, 2016 1:05:32 下午 org.apache.catalina.startup.VersionLoggerListener log
信息: Command line argument: -Dcatalina.home=D:\apache-tomcat-7.0.69
五月 26, 2016 1:05:32 下午 org.apache.catalina.startup.VersionLoggerListener log
信息: Command line argument: -Djava.io.tmpdir=D:\apache-tomcat-7.0.69\temp
五月 26, 2016 1:05:32 下午 org.apache.catalina.core.AprLifecycleListener lifecycleEvent
信息: Loaded APR based Apache Tomcat Native library 1.1.33 using APR version 1.5.1.
五月 26, 2016 1:05:32 下午 org.apache.catalina.core.AprLifecycleListener lifecycleEvent
信息: APR capabilities: IPv6 [true], sendfile [true], accept filters [false], random [true].
五月 26, 2016 1:05:33 下午 org.apache.catalina.core.AprLifecycleListener initializeSSL
信息: OpenSSL successfully initialized (OpenSSL 1.0.1m 19 Mar 2015)
五月 26, 2016 1:05:33 下午 org.apache.coyote.AbstractProtocol init
信息: Initializing ProtocolHandler ["http-apr-8080"]
五月 26, 2016 1:05:33 下午 org.apache.coyote.AbstractProtocol init
信息: Initializing ProtocolHandler ["ajp-apr-8009"]
五月 26, 2016 1:05:33 下午 org.apache.catalina.startup.Catalina load
信息: Initialization processed in 1304 ms
五月 26, 2016 1:05:33 下午 org.apache.catalina.core.StandardService startInternal
信息: Starting service Catalina
五月 26, 2016 1:05:33 下午 org.apache.catalina.core.StandardEngine startInternal
信息: Starting Servlet Engine: Apache Tomcat/7.0.69
五月 26, 2016 1:05:33 下午 org.apache.catalina.startup.HostConfig deployDirectory
信息: Deploying web application directory D:\apache-tomcat-7.0.69\webapps\docs
五月 26, 2016 1:05:34 下午 org.apache.catalina.startup.HostConfig deployDirectory
信息: Deployment of web application directory D:\apache-tomcat-7.0.69\webapps\docs has finished in 287 ms
五月 26, 2016 1:05:34 下午 org.apache.catalina.startup.HostConfig deployDirectory
信息: Deploying web application directory D:\apache-tomcat-7.0.69\webapps\examples
五月 26, 2016 1:05:34 下午 org.apache.catalina.startup.HostConfig deployDirectory
信息: Deployment of web application directory D:\apache-tomcat-7.0.69\webapps\examples has finished in 299 ms
五月 26, 2016 1:05:34 下午 org.apache.catalina.startup.HostConfig deployDirectory
信息: Deploying web application directory D:\apache-tomcat-7.0.69\webapps\host-manager
五月 26, 2016 1:05:34 下午 org.apache.catalina.startup.HostConfig deployDirectory
信息: Deployment of web application directory D:\apache-tomcat-7.0.69\webapps\host-manager has finished in 64 ms
五月 26, 2016 1:05:34 下午 org.apache.catalina.startup.HostConfig deployDirectory
信息: Deploying web application directory D:\apache-tomcat-7.0.69\webapps\manager
五月 26, 2016 1:05:34 下午 org.apache.catalina.startup.HostConfig deployDirectory
信息: Deployment of web application directory D:\apache-tomcat-7.0.69\webapps\manager has finished in 56 ms
五月 26, 2016 1:05:34 下午 org.apache.catalina.startup.HostConfig deployDirectory
信息: Deploying web application directory D:\apache-tomcat-7.0.69\webapps\ROOT
五月 26, 2016 1:05:34 下午 org.apache.catalina.startup.HostConfig deployDirectory
信息: Deployment of web application directory D:\apache-tomcat-7.0.69\webapps\ROOT has finished in 40 ms
五月 26, 2016 1:05:34 下午 org.apache.coyote.AbstractProtocol start
信息: Starting ProtocolHandler ["http-apr-8080"]
五月 26, 2016 1:05:34 下午 org.apache.coyote.AbstractProtocol start
信息: Starting ProtocolHandler ["ajp-apr-8009"]
五月 26, 2016 1:05:34 下午 org.apache.catalina.startup.Catalina start
信息: Server startup in 799 ms
五月 26, 2016 1:07:37 下午 async.Async0$1 run
信息: Putting AsyncThread to sleep
五月 26, 2016 1:07:39 下午 async.Async0$1 run
信息: Dispatching
五月 26, 2016 1:07:39 下午 async.Async0 service
信息: Received dispatch, completing on the worker thread.
五月 26, 2016 1:07:39 下午 async.Async0 service
信息: After complete called started:false
五月 26, 2016 1:07:39 下午 async.Async0$1 run
信息: Putting AsyncThread to sleep
五月 26, 2016 1:07:41 下午 async.Async0$1 run
信息: Dispatching
五月 26, 2016 1:07:41 下午 async.Async0 service
信息: Received dispatch, completing on the worker thread.
五月 26, 2016 1:07:41 下午 async.Async0 service
信息: After complete called started:false
五月 26, 2016 1:08:29 下午 org.apache.catalina.core.StandardServer await
信息: A valid shutdown command was received via the shutdown port. Stopping the Server instance.
五月 26, 2016 1:08:29 下午 org.apache.coyote.AbstractProtocol pause
信息: Pausing ProtocolHandler ["http-apr-8080"]
五月 26, 2016 1:08:29 下午 org.apache.coyote.AbstractProtocol pause
信息: Pausing ProtocolHandler ["ajp-apr-8009"]
五月 26, 2016 1:08:29 下午 org.apache.catalina.core.StandardService stopInternal
信息: Stopping service Catalina
五月 26, 2016 1:08:29 下午 org.apache.coyote.AbstractProtocol stop
信息: Stopping ProtocolHandler ["http-apr-8080"]
五月 26, 2016 1:08:29 下午 org.apache.coyote.AbstractProtocol stop
信息: Stopping ProtocolHandler ["ajp-apr-8009"]
五月 26, 2016 1:08:29 下午 org.apache.coyote.AbstractProtocol destroy
信息: Destroying ProtocolHandler ["http-apr-8080"]
五月 26, 2016 1:08:29 下午 org.apache.coyote.AbstractProtocol destroy
信息: Destroying ProtocolHandler ["ajp-apr-8009"]
