六月 01, 2016 5:24:32 下午 org.apache.catalina.startup.VersionLoggerListener log
信息: Server version:        Apache Tomcat/@VERSION@
六月 01, 2016 5:24:32 下午 org.apache.catalina.startup.VersionLoggerListener log
信息: Server built:          @VERSION_BUILT@
六月 01, 2016 5:24:32 下午 org.apache.catalina.startup.VersionLoggerListener log
信息: Server number:         @VERSION_NUMBER@
六月 01, 2016 5:24:32 下午 org.apache.catalina.startup.VersionLoggerListener log
信息: OS Name:               Windows 7
六月 01, 2016 5:24:32 下午 org.apache.catalina.startup.VersionLoggerListener log
信息: OS Version:            6.1
六月 01, 2016 5:24:32 下午 org.apache.catalina.startup.VersionLoggerListener log
信息: Architecture:          amd64
六月 01, 2016 5:24:32 下午 org.apache.catalina.startup.VersionLoggerListener log
信息: Java Home:             C:\jdk1.8.0_77\jre
六月 01, 2016 5:24:32 下午 org.apache.catalina.startup.VersionLoggerListener log
信息: JVM Version:           1.8.0_77-b03
六月 01, 2016 5:24:32 下午 org.apache.catalina.startup.VersionLoggerListener log
信息: JVM Vendor:            Oracle Corporation
六月 01, 2016 5:24:32 下午 org.apache.catalina.startup.VersionLoggerListener log
信息: CATALINA_BASE:         D:\workspace\tomcat7\launch
六月 01, 2016 5:24:32 下午 org.apache.catalina.startup.VersionLoggerListener log
信息: CATALINA_HOME:         D:\workspace\tomcat7\launch
六月 01, 2016 5:24:32 下午 org.apache.catalina.startup.VersionLoggerListener log
信息: Command line argument: -Dcatalina.home=launch
六月 01, 2016 5:24:32 下午 org.apache.catalina.startup.VersionLoggerListener log
信息: Command line argument: -Dcatalina.base=launch
六月 01, 2016 5:24:32 下午 org.apache.catalina.startup.VersionLoggerListener log
信息: Command line argument: -Djava.endorsed.dirs=launch/endorsed
六月 01, 2016 5:24:32 下午 org.apache.catalina.startup.VersionLoggerListener log
信息: Command line argument: -Djava.io.tmpdir=launch/temp
六月 01, 2016 5:24:32 下午 org.apache.catalina.startup.VersionLoggerListener log
信息: Command line argument: -Djava.util.logging.manager=org.apache.juli.ClassLoaderLogManager
六月 01, 2016 5:24:32 下午 org.apache.catalina.startup.VersionLoggerListener log
信息: Command line argument: -Djava.util.logging.config.file=launch/conf/logging.properties
六月 01, 2016 5:24:32 下午 org.apache.catalina.startup.VersionLoggerListener log
信息: Command line argument: -Dfile.encoding=UTF-8
六月 01, 2016 5:24:32 下午 org.apache.catalina.core.AprLifecycleListener lifecycleEvent
信息: The APR based Apache Tomcat Native library which allows optimal performance in production environments was not found on the java.library.path: C:\jdk1.8.0_77\bin;C:\windows\Sun\Java\bin;C:\windows\system32;C:\windows;C:/jre1.8.0_77/bin/server;C:/jre1.8.0_77/bin;C:/jre1.8.0_77/lib/amd64;C:\ProgramData\Oracle\Java\javapath;C:\Perl64\site\bin;C:\Perl64\bin;C:\windows\system32;C:\windows;C:\windows\System32\Wbem;C:\windows\System32\WindowsPowerShell\v1.0\;C:\jdk1.8.0_77\bin;C:\jdk1.8.0_77\jre\bin;D:\apache-maven-2.2.1\bin;C:\Program Files\TortoiseSVN\bin;C:\Program Files\mysql-5.6.26-winx64\bin;D:\apache-ant-1.9.6\bin;C:\OpenSSL\bin;C:\Program Files\SlikSvn\bin;D:\gradle-2.12-rc-1\bin;C:\Users\wb-liyulong\AppData\Local\Android\sdk\platform-tools;D:\eclipse-for-jdk8\eclipse;;.
六月 01, 2016 5:24:32 下午 org.apache.coyote.AbstractProtocol init
信息: Initializing ProtocolHandler ["http-bio-8080"]
六月 01, 2016 5:24:32 下午 org.apache.coyote.AbstractProtocol init
信息: Initializing ProtocolHandler ["ajp-bio-8009"]
六月 01, 2016 5:24:32 下午 org.apache.catalina.startup.Catalina load
信息: Initialization processed in 846 ms
六月 01, 2016 5:24:32 下午 org.apache.catalina.core.StandardService startInternal
信息: Starting service Catalina
六月 01, 2016 5:24:32 下午 org.apache.catalina.core.StandardEngine startInternal
信息: Starting Servlet Engine: Apache Tomcat/@VERSION@
六月 01, 2016 5:24:32 下午 org.apache.catalina.startup.HostConfig deployDirectory
信息: Deploying web application directory D:\workspace\tomcat7\launch\webapps\docs
六月 01, 2016 5:24:32 下午 org.apache.catalina.startup.TldConfig execute
信息: At least one JAR was scanned for TLDs yet contained no TLDs. Enable debug logging for this logger for a complete list of JARs that were scanned but no TLDs were found in them. Skipping unneeded JARs during scanning can improve startup time and JSP compilation time.
六月 01, 2016 5:24:33 下午 org.apache.catalina.startup.HostConfig deployDirectory
信息: Deployment of web application directory D:\workspace\tomcat7\launch\webapps\docs has finished in 771 ms
六月 01, 2016 5:24:33 下午 org.apache.catalina.startup.HostConfig deployDirectory
信息: Deploying web application directory D:\workspace\tomcat7\launch\webapps\examples
六月 01, 2016 5:24:33 下午 org.apache.catalina.startup.TldConfig execute
信息: At least one JAR was scanned for TLDs yet contained no TLDs. Enable debug logging for this logger for a complete list of JARs that were scanned but no TLDs were found in them. Skipping unneeded JARs during scanning can improve startup time and JSP compilation time.
六月 01, 2016 5:24:33 下午 org.apache.catalina.startup.HostConfig deployDirectory
信息: Deployment of web application directory D:\workspace\tomcat7\launch\webapps\examples has finished in 598 ms
六月 01, 2016 5:24:33 下午 org.apache.catalina.startup.HostConfig deployDirectory
信息: Deploying web application directory D:\workspace\tomcat7\launch\webapps\host-manager
六月 01, 2016 5:24:33 下午 org.apache.catalina.startup.TldConfig execute
信息: At least one JAR was scanned for TLDs yet contained no TLDs. Enable debug logging for this logger for a complete list of JARs that were scanned but no TLDs were found in them. Skipping unneeded JARs during scanning can improve startup time and JSP compilation time.
六月 01, 2016 5:24:33 下午 org.apache.catalina.startup.HostConfig deployDirectory
信息: Deployment of web application directory D:\workspace\tomcat7\launch\webapps\host-manager has finished in 43 ms
六月 01, 2016 5:24:33 下午 org.apache.catalina.startup.HostConfig deployDirectory
信息: Deploying web application directory D:\workspace\tomcat7\launch\webapps\manager
六月 01, 2016 5:24:33 下午 org.apache.catalina.startup.TldConfig execute
信息: At least one JAR was scanned for TLDs yet contained no TLDs. Enable debug logging for this logger for a complete list of JARs that were scanned but no TLDs were found in them. Skipping unneeded JARs during scanning can improve startup time and JSP compilation time.
六月 01, 2016 5:24:33 下午 org.apache.catalina.startup.HostConfig deployDirectory
信息: Deployment of web application directory D:\workspace\tomcat7\launch\webapps\manager has finished in 38 ms
六月 01, 2016 5:24:33 下午 org.apache.catalina.startup.HostConfig deployDirectory
信息: Deploying web application directory D:\workspace\tomcat7\launch\webapps\ROOT
六月 01, 2016 5:24:34 下午 org.apache.catalina.startup.TldConfig execute
信息: At least one JAR was scanned for TLDs yet contained no TLDs. Enable debug logging for this logger for a complete list of JARs that were scanned but no TLDs were found in them. Skipping unneeded JARs during scanning can improve startup time and JSP compilation time.
六月 01, 2016 5:24:34 下午 org.apache.catalina.startup.HostConfig deployDirectory
信息: Deployment of web application directory D:\workspace\tomcat7\launch\webapps\ROOT has finished in 191 ms
六月 01, 2016 5:24:34 下午 org.apache.coyote.AbstractProtocol start
信息: Starting ProtocolHandler ["http-bio-8080"]
六月 01, 2016 5:24:34 下午 org.apache.coyote.AbstractProtocol start
信息: Starting ProtocolHandler ["ajp-bio-8009"]
六月 01, 2016 5:24:34 下午 org.apache.catalina.startup.Catalina start
信息: Server startup in 1734 ms
六月 01, 2016 6:48:33 下午 org.apache.catalina.startup.VersionLoggerListener log
信息: Server version:        Apache Tomcat/@VERSION@
六月 01, 2016 6:48:33 下午 org.apache.catalina.startup.VersionLoggerListener log
信息: Server built:          @VERSION_BUILT@
六月 01, 2016 6:48:33 下午 org.apache.catalina.startup.VersionLoggerListener log
信息: Server number:         @VERSION_NUMBER@
六月 01, 2016 6:48:33 下午 org.apache.catalina.startup.VersionLoggerListener log
信息: OS Name:               Windows 7
六月 01, 2016 6:48:33 下午 org.apache.catalina.startup.VersionLoggerListener log
信息: OS Version:            6.1
六月 01, 2016 6:48:33 下午 org.apache.catalina.startup.VersionLoggerListener log
信息: Architecture:          amd64
六月 01, 2016 6:48:33 下午 org.apache.catalina.startup.VersionLoggerListener log
信息: Java Home:             C:\jdk1.8.0_77\jre
六月 01, 2016 6:48:33 下午 org.apache.catalina.startup.VersionLoggerListener log
信息: JVM Version:           1.8.0_77-b03
六月 01, 2016 6:48:33 下午 org.apache.catalina.startup.VersionLoggerListener log
信息: JVM Vendor:            Oracle Corporation
六月 01, 2016 6:48:33 下午 org.apache.catalina.startup.VersionLoggerListener log
信息: CATALINA_BASE:         D:\workspace\tomcat7\launch
六月 01, 2016 6:48:33 下午 org.apache.catalina.startup.VersionLoggerListener log
信息: CATALINA_HOME:         D:\workspace\tomcat7\launch
六月 01, 2016 6:48:33 下午 org.apache.catalina.startup.VersionLoggerListener log
信息: Command line argument: -Dcatalina.home=launch
六月 01, 2016 6:48:33 下午 org.apache.catalina.startup.VersionLoggerListener log
信息: Command line argument: -Dcatalina.base=launch
六月 01, 2016 6:48:33 下午 org.apache.catalina.startup.VersionLoggerListener log
信息: Command line argument: -Djava.endorsed.dirs=launch/endorsed
六月 01, 2016 6:48:33 下午 org.apache.catalina.startup.VersionLoggerListener log
信息: Command line argument: -Djava.io.tmpdir=launch/temp
六月 01, 2016 6:48:33 下午 org.apache.catalina.startup.VersionLoggerListener log
信息: Command line argument: -Djava.util.logging.manager=org.apache.juli.ClassLoaderLogManager
六月 01, 2016 6:48:33 下午 org.apache.catalina.startup.VersionLoggerListener log
信息: Command line argument: -Djava.util.logging.config.file=launch/conf/logging.properties
六月 01, 2016 6:48:33 下午 org.apache.catalina.startup.VersionLoggerListener log
信息: Command line argument: -Dfile.encoding=UTF-8
六月 01, 2016 6:48:33 下午 org.apache.catalina.core.AprLifecycleListener lifecycleEvent
信息: The APR based Apache Tomcat Native library which allows optimal performance in production environments was not found on the java.library.path: C:\jdk1.8.0_77\bin;C:\windows\Sun\Java\bin;C:\windows\system32;C:\windows;C:/jre1.8.0_77/bin/server;C:/jre1.8.0_77/bin;C:/jre1.8.0_77/lib/amd64;C:\ProgramData\Oracle\Java\javapath;C:\Perl64\site\bin;C:\Perl64\bin;C:\windows\system32;C:\windows;C:\windows\System32\Wbem;C:\windows\System32\WindowsPowerShell\v1.0\;C:\jdk1.8.0_77\bin;C:\jdk1.8.0_77\jre\bin;D:\apache-maven-2.2.1\bin;C:\Program Files\TortoiseSVN\bin;C:\Program Files\mysql-5.6.26-winx64\bin;D:\apache-ant-1.9.6\bin;C:\OpenSSL\bin;C:\Program Files\SlikSvn\bin;D:\gradle-2.12-rc-1\bin;C:\Users\wb-liyulong\AppData\Local\Android\sdk\platform-tools;D:\eclipse-for-jdk8\eclipse;;.
六月 01, 2016 6:48:33 下午 org.apache.coyote.AbstractProtocol init
信息: Initializing ProtocolHandler ["http-bio-8080"]
六月 01, 2016 6:48:33 下午 org.apache.coyote.AbstractProtocol init
信息: Initializing ProtocolHandler ["ajp-bio-8009"]
六月 01, 2016 6:48:33 下午 org.apache.catalina.startup.Catalina load
信息: Initialization processed in 513 ms
六月 01, 2016 6:48:33 下午 org.apache.catalina.core.StandardService startInternal
信息: Starting service Catalina
六月 01, 2016 6:48:33 下午 org.apache.catalina.core.StandardEngine startInternal
信息: Starting Servlet Engine: Apache Tomcat/@VERSION@
六月 01, 2016 6:48:33 下午 org.apache.catalina.startup.HostConfig deployDirectory
信息: Deploying web application directory D:\workspace\tomcat7\launch\webapps\docs
六月 01, 2016 6:48:33 下午 org.apache.catalina.startup.TldConfig execute
信息: At least one JAR was scanned for TLDs yet contained no TLDs. Enable debug logging for this logger for a complete list of JARs that were scanned but no TLDs were found in them. Skipping unneeded JARs during scanning can improve startup time and JSP compilation time.
六月 01, 2016 6:48:33 下午 org.apache.catalina.startup.HostConfig deployDirectory
信息: Deployment of web application directory D:\workspace\tomcat7\launch\webapps\docs has finished in 537 ms
六月 01, 2016 6:48:33 下午 org.apache.catalina.startup.HostConfig deployDirectory
信息: Deploying web application directory D:\workspace\tomcat7\launch\webapps\examples
六月 01, 2016 6:48:34 下午 org.apache.catalina.startup.TldConfig execute
信息: At least one JAR was scanned for TLDs yet contained no TLDs. Enable debug logging for this logger for a complete list of JARs that were scanned but no TLDs were found in them. Skipping unneeded JARs during scanning can improve startup time and JSP compilation time.
六月 01, 2016 6:48:34 下午 org.apache.catalina.startup.HostConfig deployDirectory
信息: Deployment of web application directory D:\workspace\tomcat7\launch\webapps\examples has finished in 440 ms
六月 01, 2016 6:48:34 下午 org.apache.catalina.startup.HostConfig deployDirectory
信息: Deploying web application directory D:\workspace\tomcat7\launch\webapps\host-manager
六月 01, 2016 6:48:34 下午 org.apache.catalina.startup.TldConfig execute
信息: At least one JAR was scanned for TLDs yet contained no TLDs. Enable debug logging for this logger for a complete list of JARs that were scanned but no TLDs were found in them. Skipping unneeded JARs during scanning can improve startup time and JSP compilation time.
六月 01, 2016 6:48:34 下午 org.apache.catalina.startup.HostConfig deployDirectory
信息: Deployment of web application directory D:\workspace\tomcat7\launch\webapps\host-manager has finished in 37 ms
六月 01, 2016 6:48:34 下午 org.apache.catalina.startup.HostConfig deployDirectory
信息: Deploying web application directory D:\workspace\tomcat7\launch\webapps\manager
六月 01, 2016 6:48:34 下午 org.apache.catalina.startup.TldConfig execute
信息: At least one JAR was scanned for TLDs yet contained no TLDs. Enable debug logging for this logger for a complete list of JARs that were scanned but no TLDs were found in them. Skipping unneeded JARs during scanning can improve startup time and JSP compilation time.
六月 01, 2016 6:48:34 下午 org.apache.catalina.startup.HostConfig deployDirectory
信息: Deployment of web application directory D:\workspace\tomcat7\launch\webapps\manager has finished in 41 ms
六月 01, 2016 6:48:34 下午 org.apache.catalina.startup.HostConfig deployDirectory
信息: Deploying web application directory D:\workspace\tomcat7\launch\webapps\ROOT
六月 01, 2016 6:48:34 下午 org.apache.catalina.startup.TldConfig execute
信息: At least one JAR was scanned for TLDs yet contained no TLDs. Enable debug logging for this logger for a complete list of JARs that were scanned but no TLDs were found in them. Skipping unneeded JARs during scanning can improve startup time and JSP compilation time.
六月 01, 2016 6:48:34 下午 org.apache.catalina.startup.HostConfig deployDirectory
信息: Deployment of web application directory D:\workspace\tomcat7\launch\webapps\ROOT has finished in 201 ms
六月 01, 2016 6:48:34 下午 org.apache.coyote.AbstractProtocol start
信息: Starting ProtocolHandler ["http-bio-8080"]
六月 01, 2016 6:48:34 下午 org.apache.coyote.AbstractProtocol start
信息: Starting ProtocolHandler ["ajp-bio-8009"]
六月 01, 2016 6:48:34 下午 org.apache.catalina.startup.Catalina start
信息: Server startup in 1307 ms
