五月 27, 2016 5:16:18 下午 org.apache.catalina.core.ApplicationContext log
信息: HTMLHostManager: list: Listing hosts for engine [Catalina]
五月 27, 2016 5:16:35 下午 org.apache.catalina.core.ApplicationContext log
信息: HTMLHostManager: list: Listing hosts for engine [Catalina]
五月 27, 2016 5:17:13 下午 org.apache.catalina.core.ApplicationContext log
信息: HTMLHostManager: add: Adding host [gg]
五月 27, 2016 5:17:13 下午 org.apache.catalina.core.ApplicationContext log
信息: HTMLHostManager: list: Listing hosts for engine [Catalina]
五月 27, 2016 5:17:17 下午 org.apache.catalina.core.ApplicationContext log
信息: HTMLHostManager: stop: Stopping host with name [gg]
五月 27, 2016 5:17:17 下午 org.apache.catalina.core.ApplicationContext log
信息: HTMLHostManager: list: Listing hosts for engine [Catalina]
五月 27, 2016 5:17:22 下午 org.apache.catalina.core.ApplicationContext log
信息: HTMLHostManager: remove: Removing host [gg]
五月 27, 2016 5:17:22 下午 org.apache.catalina.core.ApplicationContext log
信息: HTMLHostManager: list: Listing hosts for engine [Catalina]
五月 27, 2016 5:17:37 下午 org.apache.catalina.core.ApplicationContext log
信息: HTMLHostManager: add: Adding host [f]
五月 27, 2016 5:17:37 下午 org.apache.catalina.core.ApplicationContext log
信息: HTMLHostManager: list: Listing hosts for engine [Catalina]
五月 27, 2016 5:18:00 下午 org.apache.catalina.core.ApplicationContext log
信息: HTMLHostManager: remove: Removing host [f]
五月 27, 2016 5:18:00 下午 org.apache.catalina.core.ApplicationContext log
信息: HTMLHostManager: list: Listing hosts for engine [Catalina]
五月 27, 2016 5:21:54 下午 org.apache.catalina.core.ApplicationContext log
信息: HTMLHostManager: list: Listing hosts for engine [Catalina]
五月 27, 2016 5:29:12 下午 org.apache.catalina.core.ApplicationContext log
信息: HTMLHostManager: list: Listing hosts for engine [Catalina]
