五月 27, 2016 4:17:03 下午 org.apache.catalina.core.ApplicationContext log
信息: ContextListener: contextInitialized()
五月 27, 2016 4:17:03 下午 org.apache.catalina.core.ApplicationContext log
信息: SessionListener: contextInitialized()
五月 27, 2016 4:17:03 下午 org.apache.catalina.core.ApplicationContext log
信息: ContextListener: attributeAdded('org.apache.jasper.compiler.TldLocationsCache', 'org.apache.jasper.compiler.TldLocationsCache@56288d6b')
五月 27, 2016 4:20:23 下午 org.apache.catalina.core.ApplicationContext log
信息: ContextListener: contextInitialized()
五月 27, 2016 4:20:23 下午 org.apache.catalina.core.ApplicationContext log
信息: SessionListener: contextInitialized()
五月 27, 2016 4:20:23 下午 org.apache.catalina.core.ApplicationContext log
信息: ContextListener: attributeAdded('org.apache.jasper.compiler.TldLocationsCache', 'org.apache.jasper.compiler.TldLocationsCache@71939a8b')
五月 27, 2016 4:28:45 下午 org.apache.catalina.core.ApplicationContext log
信息: ContextListener: contextInitialized()
五月 27, 2016 4:28:45 下午 org.apache.catalina.core.ApplicationContext log
信息: SessionListener: contextInitialized()
五月 27, 2016 4:28:45 下午 org.apache.catalina.core.ApplicationContext log
信息: ContextListener: attributeAdded('org.apache.jasper.compiler.TldLocationsCache', 'org.apache.jasper.compiler.TldLocationsCache@71939a8b')
五月 27, 2016 4:38:10 下午 org.apache.catalina.core.ApplicationContext log
信息: SessionListener: contextDestroyed()
五月 27, 2016 4:38:10 下午 org.apache.catalina.core.ApplicationContext log
信息: ContextListener: contextDestroyed()
五月 27, 2016 4:38:51 下午 org.apache.catalina.core.ApplicationContext log
信息: ContextListener: contextInitialized()
五月 27, 2016 4:38:51 下午 org.apache.catalina.core.ApplicationContext log
信息: SessionListener: contextInitialized()
五月 27, 2016 4:38:51 下午 org.apache.catalina.core.ApplicationContext log
信息: ContextListener: attributeAdded('org.apache.jasper.compiler.TldLocationsCache', 'org.apache.jasper.compiler.TldLocationsCache@57547984')
五月 27, 2016 4:39:01 下午 org.apache.catalina.core.ApplicationContext log
信息: SessionListener: contextDestroyed()
五月 27, 2016 4:39:01 下午 org.apache.catalina.core.ApplicationContext log
信息: ContextListener: contextDestroyed()
五月 27, 2016 5:04:41 下午 org.apache.catalina.core.ApplicationContext log
信息: ContextListener: contextInitialized()
五月 27, 2016 5:04:41 下午 org.apache.catalina.core.ApplicationContext log
信息: SessionListener: contextInitialized()
五月 27, 2016 5:04:41 下午 org.apache.catalina.core.ApplicationContext log
信息: ContextListener: attributeAdded('org.apache.jasper.compiler.TldLocationsCache', 'org.apache.jasper.compiler.TldLocationsCache@71939a8b')
五月 27, 2016 5:11:17 下午 org.apache.catalina.core.ApplicationContext log
信息: ContextListener: contextInitialized()
五月 27, 2016 5:11:17 下午 org.apache.catalina.core.ApplicationContext log
信息: SessionListener: contextInitialized()
五月 27, 2016 5:11:17 下午 org.apache.catalina.core.ApplicationContext log
信息: ContextListener: attributeAdded('org.apache.jasper.compiler.TldLocationsCache', 'org.apache.jasper.compiler.TldLocationsCache@135751d4')
五月 27, 2016 5:12:31 下午 org.apache.catalina.core.ApplicationContext log
信息: ContextListener: contextInitialized()
五月 27, 2016 5:12:31 下午 org.apache.catalina.core.ApplicationContext log
信息: SessionListener: contextInitialized()
五月 27, 2016 5:12:31 下午 org.apache.catalina.core.ApplicationContext log
信息: ContextListener: attributeAdded('org.apache.jasper.compiler.TldLocationsCache', 'org.apache.jasper.compiler.TldLocationsCache@2612afe6')
五月 27, 2016 5:12:55 下午 org.apache.catalina.core.ApplicationContext log
信息: ContextListener: contextInitialized()
五月 27, 2016 5:12:55 下午 org.apache.catalina.core.ApplicationContext log
信息: SessionListener: contextInitialized()
五月 27, 2016 5:12:55 下午 org.apache.catalina.core.ApplicationContext log
信息: ContextListener: attributeAdded('org.apache.jasper.compiler.TldLocationsCache', 'org.apache.jasper.compiler.TldLocationsCache@2612afe6')
五月 27, 2016 5:13:25 下午 org.apache.catalina.core.ApplicationContext log
信息: ContextListener: contextInitialized()
五月 27, 2016 5:13:25 下午 org.apache.catalina.core.ApplicationContext log
信息: SessionListener: contextInitialized()
五月 27, 2016 5:13:25 下午 org.apache.catalina.core.ApplicationContext log
信息: ContextListener: attributeAdded('org.apache.jasper.compiler.TldLocationsCache', 'org.apache.jasper.compiler.TldLocationsCache@6fefe259')
五月 27, 2016 5:15:30 下午 org.apache.catalina.core.ApplicationContext log
信息: ContextListener: contextInitialized()
五月 27, 2016 5:15:30 下午 org.apache.catalina.core.ApplicationContext log
信息: SessionListener: contextInitialized()
五月 27, 2016 5:15:30 下午 org.apache.catalina.core.ApplicationContext log
信息: ContextListener: attributeAdded('org.apache.jasper.compiler.TldLocationsCache', 'org.apache.jasper.compiler.TldLocationsCache@6fefe259')
五月 27, 2016 5:19:28 下午 org.apache.catalina.core.ApplicationContext log
信息: ContextListener: contextInitialized()
五月 27, 2016 5:19:28 下午 org.apache.catalina.core.ApplicationContext log
信息: SessionListener: contextInitialized()
五月 27, 2016 5:19:28 下午 org.apache.catalina.core.ApplicationContext log
信息: ContextListener: attributeAdded('org.apache.jasper.compiler.TldLocationsCache', 'org.apache.jasper.compiler.TldLocationsCache@2d53aee')
五月 27, 2016 5:20:37 下午 org.apache.catalina.core.ApplicationContext log
信息: ContextListener: contextInitialized()
五月 27, 2016 5:20:37 下午 org.apache.catalina.core.ApplicationContext log
信息: SessionListener: contextInitialized()
五月 27, 2016 5:20:37 下午 org.apache.catalina.core.ApplicationContext log
信息: ContextListener: attributeAdded('org.apache.jasper.compiler.TldLocationsCache', 'org.apache.jasper.compiler.TldLocationsCache@2d53aee')
五月 27, 2016 5:21:35 下午 org.apache.catalina.core.ApplicationContext log
信息: ContextListener: contextInitialized()
五月 27, 2016 5:21:35 下午 org.apache.catalina.core.ApplicationContext log
信息: SessionListener: contextInitialized()
五月 27, 2016 5:21:35 下午 org.apache.catalina.core.ApplicationContext log
信息: ContextListener: attributeAdded('org.apache.jasper.compiler.TldLocationsCache', 'org.apache.jasper.compiler.TldLocationsCache@2d53aee')
五月 27, 2016 5:23:14 下午 org.apache.catalina.core.ApplicationContext log
信息: SessionListener: contextDestroyed()
五月 27, 2016 5:23:14 下午 org.apache.catalina.core.ApplicationContext log
信息: ContextListener: contextDestroyed()
五月 27, 2016 5:24:46 下午 org.apache.catalina.core.ApplicationContext log
信息: ContextListener: contextInitialized()
五月 27, 2016 5:24:46 下午 org.apache.catalina.core.ApplicationContext log
信息: SessionListener: contextInitialized()
五月 27, 2016 5:24:46 下午 org.apache.catalina.core.ApplicationContext log
信息: ContextListener: attributeAdded('org.apache.jasper.compiler.TldLocationsCache', 'org.apache.jasper.compiler.TldLocationsCache@40dde12c')
