五月 27, 2016 5:22:57 下午 org.apache.catalina.core.ApplicationContext log
信息: HTMLManager: init: Associated with Deployer 'Catalina:type=Deployer,host=localhost'
五月 27, 2016 5:22:57 下午 org.apache.catalina.core.ApplicationContext log
信息: HTMLManager: init: Global resources are available
五月 27, 2016 5:22:57 下午 org.apache.catalina.core.ApplicationContext log
信息: HTMLManager: list: Listing contexts for virtual host 'localhost'
五月 27, 2016 5:23:06 下午 org.apache.catalina.core.ApplicationContext log
信息: HTMLManager: restart: Reloading web application '/'
五月 27, 2016 5:23:06 下午 org.apache.catalina.core.ApplicationContext log
信息: HTMLManager: list: Listing contexts for virtual host 'localhost'
五月 27, 2016 5:23:08 下午 org.apache.catalina.core.ApplicationContext log
信息: HTMLManager: restart: Reloading web application '/'
五月 27, 2016 5:23:08 下午 org.apache.catalina.core.ApplicationContext log
信息: HTMLManager: list: Listing contexts for virtual host 'localhost'
五月 27, 2016 5:23:10 下午 org.apache.catalina.core.ApplicationContext log
信息: HTMLManager: undeploy: Undeploying web application at '/'
五月 27, 2016 5:23:11 下午 org.apache.catalina.core.ApplicationContext log
信息: HTMLManager: list: Listing contexts for virtual host 'localhost'
五月 27, 2016 5:23:12 下午 org.apache.catalina.core.ApplicationContext log
信息: HTMLManager: undeploy: Undeploying web application at '/docs'
五月 27, 2016 5:23:12 下午 org.apache.catalina.core.ApplicationContext log
信息: HTMLManager: list: Listing contexts for virtual host 'localhost'
五月 27, 2016 5:23:14 下午 org.apache.catalina.core.ApplicationContext log
信息: HTMLManager: undeploy: Undeploying web application at '/examples'
五月 27, 2016 5:23:15 下午 org.apache.catalina.core.ApplicationContext log
信息: HTMLManager: list: Listing contexts for virtual host 'localhost'
五月 27, 2016 5:23:20 下午 org.apache.catalina.core.ApplicationContext log
信息: HTMLManager: restart: Reloading web application '/host-manager'
五月 27, 2016 5:23:20 下午 org.apache.catalina.core.ApplicationContext log
信息: HTMLManager: list: Listing contexts for virtual host 'localhost'
五月 27, 2016 5:23:22 下午 org.apache.catalina.core.ApplicationContext log
信息: HTMLManager: list: Listing contexts for virtual host 'localhost'
五月 27, 2016 5:23:23 下午 org.apache.catalina.core.ApplicationContext log
信息: HTMLManager: list: Listing contexts for virtual host 'localhost'
五月 27, 2016 5:23:43 下午 org.apache.catalina.core.ApplicationContext log
信息: HTMLManager: list: Listing contexts for virtual host 'localhost'
五月 27, 2016 5:25:01 下午 org.apache.catalina.core.ApplicationContext log
信息: HTMLManager: list: Listing contexts for virtual host 'localhost'
五月 27, 2016 5:25:02 下午 org.apache.catalina.core.ApplicationContext log
信息: HTMLManager: list: Listing contexts for virtual host 'localhost'
五月 27, 2016 5:25:03 下午 org.apache.catalina.core.ApplicationContext log
信息: HTMLManager: list: Listing contexts for virtual host 'localhost'
五月 27, 2016 5:25:03 下午 org.apache.catalina.core.ApplicationContext log
信息: HTMLManager: list: Listing contexts for virtual host 'localhost'
五月 27, 2016 5:25:07 下午 org.apache.catalina.core.ApplicationContext log
信息: HTMLManager: restart: Reloading web application '/'
五月 27, 2016 5:25:07 下午 org.apache.catalina.core.ApplicationContext log
信息: HTMLManager: list: Listing contexts for virtual host 'localhost'
五月 27, 2016 5:25:20 下午 org.apache.catalina.core.ApplicationContext log
信息: HTMLManager: undeploy: Undeploying web application at '/'
五月 27, 2016 5:25:20 下午 org.apache.catalina.core.ApplicationContext log
信息: HTMLManager: list: Listing contexts for virtual host 'localhost'
五月 27, 2016 5:25:24 下午 org.apache.catalina.core.ApplicationContext log
信息: HTMLManager: undeploy: Undeploying web application at '/docs'
五月 27, 2016 5:25:24 下午 org.apache.catalina.core.ApplicationContext log
信息: HTMLManager: list: Listing contexts for virtual host 'localhost'
五月 27, 2016 5:25:46 下午 org.apache.catalina.core.ApplicationContext log
信息: HTMLManager: undeploy: Undeploying web application at '/docs'
五月 27, 2016 5:25:46 下午 org.apache.catalina.core.ApplicationContext log
信息: HTMLManager: list: Listing contexts for virtual host 'localhost'
五月 27, 2016 5:25:49 下午 org.apache.catalina.core.ApplicationContext log
信息: HTMLManager: undeploy: Undeploying web application at '/docs'
五月 27, 2016 5:25:49 下午 org.apache.catalina.core.ApplicationContext log
信息: HTMLManager: list: Listing contexts for virtual host 'localhost'
五月 27, 2016 5:26:14 下午 org.apache.catalina.core.ApplicationContext log
信息: HTMLManager: undeploy: Undeploying web application at '/docs'
五月 27, 2016 5:26:14 下午 org.apache.catalina.core.ApplicationContext log
信息: HTMLManager: list: Listing contexts for virtual host 'localhost'
五月 27, 2016 5:26:16 下午 org.apache.catalina.core.ApplicationContext log
信息: HTMLManager: undeploy: Undeploying web application at '/docs'
五月 27, 2016 5:26:16 下午 org.apache.catalina.core.ApplicationContext log
信息: HTMLManager: list: Listing contexts for virtual host 'localhost'
五月 27, 2016 5:26:20 下午 org.apache.catalina.core.ApplicationContext log
信息: HTMLManager: list: Listing contexts for virtual host 'localhost'
五月 27, 2016 5:26:22 下午 org.apache.catalina.core.ApplicationContext log
信息: HTMLManager: list: Listing contexts for virtual host 'localhost'
五月 27, 2016 5:27:14 下午 org.apache.catalina.core.ApplicationContext log
信息: HTMLManager: list: Listing contexts for virtual host 'localhost'
五月 27, 2016 5:27:15 下午 org.apache.catalina.core.ApplicationContext log
信息: HTMLManager: list: Listing contexts for virtual host 'localhost'
五月 27, 2016 5:27:15 下午 org.apache.catalina.core.ApplicationContext log
信息: HTMLManager: list: Listing contexts for virtual host 'localhost'
五月 27, 2016 5:27:15 下午 org.apache.catalina.core.ApplicationContext log
信息: HTMLManager: list: Listing contexts for virtual host 'localhost'
五月 27, 2016 5:27:15 下午 org.apache.catalina.core.ApplicationContext log
信息: HTMLManager: list: Listing contexts for virtual host 'localhost'
五月 27, 2016 5:27:16 下午 org.apache.catalina.core.ApplicationContext log
信息: HTMLManager: list: Listing contexts for virtual host 'localhost'
五月 27, 2016 5:27:16 下午 org.apache.catalina.core.ApplicationContext log
信息: HTMLManager: list: Listing contexts for virtual host 'localhost'
五月 27, 2016 5:27:16 下午 org.apache.catalina.core.ApplicationContext log
信息: HTMLManager: list: Listing contexts for virtual host 'localhost'
五月 27, 2016 5:27:16 下午 org.apache.catalina.core.ApplicationContext log
信息: HTMLManager: list: Listing contexts for virtual host 'localhost'
五月 27, 2016 5:27:16 下午 org.apache.catalina.core.ApplicationContext log
信息: HTMLManager: list: Listing contexts for virtual host 'localhost'
五月 27, 2016 5:27:16 下午 org.apache.catalina.core.ApplicationContext log
信息: HTMLManager: list: Listing contexts for virtual host 'localhost'
五月 27, 2016 5:27:16 下午 org.apache.catalina.core.ApplicationContext log
信息: HTMLManager: list: Listing contexts for virtual host 'localhost'
五月 27, 2016 5:27:16 下午 org.apache.catalina.core.ApplicationContext log
信息: HTMLManager: list: Listing contexts for virtual host 'localhost'
五月 27, 2016 5:27:16 下午 org.apache.catalina.core.ApplicationContext log
信息: HTMLManager: list: Listing contexts for virtual host 'localhost'
五月 27, 2016 5:27:16 下午 org.apache.catalina.core.ApplicationContext log
信息: HTMLManager: list: Listing contexts for virtual host 'localhost'
五月 27, 2016 5:27:16 下午 org.apache.catalina.core.ApplicationContext log
信息: HTMLManager: list: Listing contexts for virtual host 'localhost'
五月 27, 2016 5:27:16 下午 org.apache.catalina.core.ApplicationContext log
信息: HTMLManager: list: Listing contexts for virtual host 'localhost'
五月 27, 2016 5:27:16 下午 org.apache.catalina.core.ApplicationContext log
信息: HTMLManager: list: Listing contexts for virtual host 'localhost'
五月 27, 2016 5:27:16 下午 org.apache.catalina.core.ApplicationContext log
信息: HTMLManager: list: Listing contexts for virtual host 'localhost'
五月 27, 2016 5:27:16 下午 org.apache.catalina.core.ApplicationContext log
信息: HTMLManager: list: Listing contexts for virtual host 'localhost'
五月 27, 2016 5:27:33 下午 org.apache.catalina.core.ApplicationContext log
信息: HTMLManager: stop: Stopping web application '/'
五月 27, 2016 5:27:33 下午 org.apache.catalina.core.ApplicationContext log
信息: HTMLManager: list: Listing contexts for virtual host 'localhost'
五月 27, 2016 5:27:42 下午 org.apache.catalina.core.ApplicationContext log
信息: HTMLManager: start: Starting web application '/'
五月 27, 2016 5:27:42 下午 org.apache.catalina.core.ApplicationContext log
信息: HTMLManager: list: Listing contexts for virtual host 'localhost'
五月 27, 2016 5:28:26 下午 org.apache.catalina.core.ApplicationContext log
信息: HTMLManager: restart: Reloading web application '/'
五月 27, 2016 5:28:27 下午 org.apache.catalina.core.ApplicationContext log
信息: HTMLManager: list: Listing contexts for virtual host 'localhost'
五月 27, 2016 5:28:28 下午 org.apache.catalina.core.ApplicationContext log
信息: HTMLManager: restart: Reloading web application '/'
五月 27, 2016 5:28:28 下午 org.apache.catalina.core.ApplicationContext log
信息: HTMLManager: list: Listing contexts for virtual host 'localhost'
五月 27, 2016 5:28:29 下午 org.apache.catalina.core.ApplicationContext log
信息: HTMLManager: restart: Reloading web application '/'
五月 27, 2016 5:28:29 下午 org.apache.catalina.core.ApplicationContext log
信息: HTMLManager: list: Listing contexts for virtual host 'localhost'
五月 27, 2016 5:28:57 下午 org.apache.catalina.core.ApplicationContext log
信息: HTMLManager: list: Listing contexts for virtual host 'localhost'
五月 27, 2016 5:29:16 下午 org.apache.catalina.core.ApplicationContext log
信息: HTMLManager: list: Listing contexts for virtual host 'localhost'
五月 27, 2016 5:29:18 下午 org.apache.catalina.core.ApplicationContext log
信息: HTMLManager: list: Listing contexts for virtual host 'localhost'
五月 27, 2016 5:29:20 下午 org.apache.catalina.core.ApplicationContext log
信息: HTMLManager: list: Listing contexts for virtual host 'localhost'
五月 27, 2016 5:29:31 下午 org.apache.catalina.core.ApplicationContext log
信息: HTMLManager: list: Listing contexts for virtual host 'localhost'
五月 27, 2016 5:33:03 下午 org.apache.catalina.core.ApplicationContext log
信息: HTMLManager: install: Installing web application '/' from '///'
五月 27, 2016 5:33:03 下午 org.apache.catalina.core.ApplicationContext log
信息: HTMLManager: list: Listing contexts for virtual host 'localhost'
五月 27, 2016 5:33:15 下午 org.apache.catalina.core.ApplicationContext log
信息: HTMLManager: install: Installing web application '/' from '///'
五月 27, 2016 5:33:15 下午 org.apache.catalina.core.ApplicationContext log
信息: HTMLManager: list: Listing contexts for virtual host 'localhost'
